<?xml version="1.0" encoding="UTF-8"?>
<!-- Generated by org.testng.reporters.JUnitReportReporter -->
<testsuite hostname="RakeshMaled" failures="0" tests="2" name="qaclickacademy.RestApiTest" time="0.005" errors="0" timestamp="2021-07-23T13:50:13 IST" skipped="0">
  <testcase classname="qaclickacademy.RestApiTest" name="PostJIRA" time="0.004"/>
  <system-out/>
  <testcase classname="qaclickacademy.RestApiTest" name="deleteTwitter" time="0.001"/>
  <system-out/>
</testsuite> <!-- qaclickacademy.RestApiTest -->
