<?xml version="1.0" encoding="UTF-8"?>
<!-- Generated by org.testng.reporters.JUnitReportReporter -->
<testsuite hostname="RakeshMaled" failures="0" tests="2" name="qaclickacademy.AppiumTest" time="0.002" errors="0" timestamp="2021-07-23T13:49:45 IST" skipped="0">
  <testcase classname="qaclickacademy.AppiumTest" name="IOSapp" time="0.000"/>
  <system-out/>
  <testcase classname="qaclickacademy.AppiumTest" name="NativeAPPandroid" time="0.002"/>
  <system-out/>
</testsuite> <!-- qaclickacademy.AppiumTest -->
