<?xml version="1.0" encoding="UTF-8"?>
<!-- Generated by org.testng.reporters.JUnitReportReporter -->
<testsuite hostname="RakeshMaled" failures="0" tests="2" name="qaclickacademy.SeleniumTest" time="0.031" errors="0" timestamp="2021-07-23T13:50:13 IST" skipped="0">
  <testcase classname="qaclickacademy.SeleniumTest" name="Browserautomation" time="0.030"/>
  <system-out/>
  <testcase classname="qaclickacademy.SeleniumTest" name="elementsUI" time="0.001"/>
  <system-out/>
</testsuite> <!-- qaclickacademy.SeleniumTest -->
